<?xml version="1.0" encoding="UTF-8"?>
<!-- Generated by org.testng.reporters.JUnitReportReporter -->
<testsuite skipped="0" hostname="DESKTOP-6CNTDJN" name="com.ckSeleniumDemo.SeleniumDemo.AppTest" tests="1" failures="0" timestamp="2020-09-01T22:11:41 IST" time="0.007" errors="0">
  <testcase name="shouldAnswerWithTrue" time="0.007" classname="com.ckSeleniumDemo.SeleniumDemo.AppTest"/>
  <system-out/>
</testsuite> <!-- com.ckSeleniumDemo.SeleniumDemo.AppTest -->
