<?xml version="1.0" encoding="UTF-8"?>
<!-- Generated by org.testng.reporters.JUnitReportReporter -->
<testsuite skipped="0" hostname="DESKTOP-6CNTDJN" name="com.ckSeleniumDemo.SeleniumDemo.MySqlDbDemo" tests="1" failures="0" timestamp="2020-09-02T11:43:27 IST" time="0.098" errors="0">
  <testcase name="dbQuery" time="0.098" classname="com.ckSeleniumDemo.SeleniumDemo.MySqlDbDemo"/>
  <system-out/>
</testsuite> <!-- com.ckSeleniumDemo.SeleniumDemo.MySqlDbDemo -->
